Removed Pin From Net: NetName=GND Pin=C21-1
Removed Pin From Net: NetName=+12V Pin=C21-2
Removed Pin From Net: NetName=GND Pin=C24-1
Removed Pin From Net: NetName=+12V Pin=C24-2
Removed Pin From Net: NetName=GND Pin=C26-1
Removed Pin From Net: NetName=+12V Pin=C26-2
Removed Pin From Net: NetName=GND Pin=C27-1
Removed Pin From Net: NetName=+12V Pin=C27-2
Removed Pin From Net: NetName=GND Pin=C28-1
Removed Pin From Net: NetName=+12V Pin=C28-2
Removed Pin From Net: NetName=GND Pin=C29-1
Removed Pin From Net: NetName=+12V Pin=C29-2
Removed Pin From Net: NetName=GND Pin=R36-2
Change Component Comment : Designator=X1 Old Comment=12MHz New Comment=8MHz
Change Component Designator: OldDesignator=C9 NewDesignator=C10
Change Component Designator: OldDesignator=C10 NewDesignator=C9
Change Component Designator: OldDesignator=C21 NewDesignator=C23
Change Component Designator: OldDesignator=C22 NewDesignator=C21
Change Component Designator: OldDesignator=C23 NewDesignator=C22
Change Component Designator: OldDesignator=C24 NewDesignator=C25
Change Component Designator: OldDesignator=C25 NewDesignator=C24
Change Component Designator: OldDesignator=C32 NewDesignator=C33
Change Component Designator: OldDesignator=C33 NewDesignator=C32
Change Component Designator: OldDesignator=P1 NewDesignator=P2
Change Component Designator: OldDesignator=R36 NewDesignator=R39
Change Component Designator: OldDesignator=R37 NewDesignator=R36
Change Component Designator: OldDesignator=R38 NewDesignator=R37
Change Component Designator: OldDesignator=R39 NewDesignator=R38
Change Component Designator: OldDesignator=R41 NewDesignator=R42
Change Component Designator: OldDesignator=R42 NewDesignator=R41
Change Component Designator: OldDesignator=R44 NewDesignator=R45
Change Component Designator: OldDesignator=R45 NewDesignator=R46
Change Component Designator: OldDesignator=R46 NewDesignator=R47
Change Component Designator: OldDesignator=R47 NewDesignator=R48
Change Component Designator: OldDesignator=R48 NewDesignator=R49
Change Component Designator: OldDesignator=R49 NewDesignator=R50
Change Component Designator: OldDesignator=R50 NewDesignator=R52
Change Component Designator: OldDesignator=R51 NewDesignator=R53
Change Component Designator: OldDesignator=R52 NewDesignator=R51
Change Component Designator: OldDesignator=R53 NewDesignator=R54
Change Component Designator: OldDesignator=R54 NewDesignator=R55
Change Component Designator: OldDesignator=R55 NewDesignator=R56
Change Component Designator: OldDesignator=R56 NewDesignator=R57
Change Component Designator: OldDesignator=R57 NewDesignator=R58
Change Component Designator: OldDesignator=R58 NewDesignator=R59
Change Component Designator: OldDesignator=R59 NewDesignator=R60
Change Component Designator: OldDesignator=R60 NewDesignator=R61
Change Component Designator: OldDesignator=R61 NewDesignator=R63
Change Component Designator: OldDesignator=R62 NewDesignator=R64
Change Component Designator: OldDesignator=R63 NewDesignator=R62
Change Component Designator: OldDesignator=R64 NewDesignator=R65
Change Component Designator: OldDesignator=R65 NewDesignator=R66
Change Component Designator: OldDesignator=R66 NewDesignator=R67
Change Component Designator: OldDesignator=R67 NewDesignator=R68
Change Component Designator: OldDesignator=R68 NewDesignator=R69
Change Component Designator: OldDesignator=R69 NewDesignator=R70
Change Component Designator: OldDesignator=R70 NewDesignator=R71
Change Component Designator: OldDesignator=R71 NewDesignator=R72
Change Component Designator: OldDesignator=R72 NewDesignator=R73
Change Component Designator: OldDesignator=R73 NewDesignator=R74
Change Component Designator: OldDesignator=R74 NewDesignator=R75
Change Component Designator: OldDesignator=R75 NewDesignator=R44
Added Component: Designator=P1(HDR2.54-LI-4P)
Add component (AddParameter): Name = "LatestRevisionDate"; Value = "17-Jul-2002"; VariantName = "[No Variations]"
Add component (AddParameter): Name = "LatestRevisionNote"; Value = "Re-released for DXP Platform."; VariantName = "[No Variations]"
Add component (AddParameter): Name = "Publisher"; Value = "Altium Limited"; VariantName = "[No Variations]"
Added Pin To Net: NetName=+12V Pin=C23-1
Added Pin To Net: NetName=+12V Pin=C25-1
Added Pin To Net: NetName=+12V Pin=C26-1
Added Pin To Net: NetName=+12V Pin=C27-1
Added Pin To Net: NetName=+12V Pin=C28-1
Added Pin To Net: NetName=+12V Pin=C29-1
Added Pin To Net: NetName=+3.3V Pin=P1-1
Added Pin To Net: NetName=DEBUG_TX Pin=P1-2
Added Pin To Net: NetName=DEBUG_RX Pin=P1-3
Added Pin To Net: NetName=GND Pin=P1-4
Added Pin To Net: NetName=+12V Pin=R39-2
Change Net Name : Old Net Name=NetC23_1 New Net Name=NetC22_1
Change Net Name : Old Net Name=NetC23_2 New Net Name=NetC22_2
Change Net Name : Old Net Name=NetC32_2 New Net Name=NetC33_2
Change Net Name : Old Net Name=NetR36_1 New Net Name=NetR39_1
Change Net Name : Old Net Name=NetR45_1 New Net Name=NetR46_1
Change Net Name : Old Net Name=NetR45_2 New Net Name=NetR46_2
Change Net Name : Old Net Name=NetR46_1 New Net Name=NetR47_1
Change Net Name : Old Net Name=NetR46_2 New Net Name=NetR47_2
Change Net Name : Old Net Name=NetR47_2 New Net Name=NetR48_2
Change Net Name : Old Net Name=NetR51_2 New Net Name=NetR51_1
Change Net Name : Old Net Name=NetR52_2 New Net Name=NetR51_2
Change Net Name : Old Net Name=NetR53_1 New Net Name=NetR54_1
Change Net Name : Old Net Name=NetR56_2 New Net Name=NetR57_2
Change Net Name : Old Net Name=NetR57_1 New Net Name=NetR58_1
Change Net Name : Old Net Name=NetR57_2 New Net Name=NetR58_2
Change Net Name : Old Net Name=NetR59_1 New Net Name=NetR60_1
Change Net Name : Old Net Name=NetR59_2 New Net Name=NetR60_2
Change Net Name : Old Net Name=NetR62_2 New Net Name=NetR62_1
Change Net Name : Old Net Name=NetR63_2 New Net Name=NetR62_2
Change Net Name : Old Net Name=NetR65_2 New Net Name=NetR66_2
Change Net Name : Old Net Name=NetR66_2 New Net Name=NetR67_2
Change Net Name : Old Net Name=NetR69_2 New Net Name=NetR70_2
Change Net Name : Old Net Name=NetR70_2 New Net Name=NetR71_2
Added Pin To Net: NetName=NetC23_2 Pin=C23-2
Added Pin To Net: NetName=NetC23_2 Pin=C25-2
Added Pin To Net: NetName=NetC23_2 Pin=C26-2
Added Pin To Net: NetName=NetC23_2 Pin=C27-2
Added Pin To Net: NetName=NetC23_2 Pin=C28-2
Added Pin To Net: NetName=NetC23_2 Pin=C29-2
Added Net: Name=NetC23_2
Added Member To Class: ClassName=Main Member=Component P2 Debug
Added Room: Name=FOC_4
Added Room: Name=Main
