Change Component Designator: Old Designator=C1 New Designator=C27
Change Component Designator: Old Designator=C2 New Designator=C28
Change Component Designator: Old Designator=C3 New Designator=C29
Change Component Designator: Old Designator=C4 New Designator=C30
Change Component Designator: Old Designator=C5 New Designator=C21
Change Component Designator: Old Designator=C6 New Designator=C22
Change Component Designator: Old Designator=C7 New Designator=C23
Change Component Designator: Old Designator=C8 New Designator=C24
Change Component Designator: Old Designator=C9 New Designator=C25
Change Component Designator: Old Designator=C10 New Designator=C26
Change Component Designator: Old Designator=C11 New Designator=C31
Change Component Designator: Old Designator=C12 New Designator=C32
Change Component Designator: Old Designator=C13 New Designator=C35
Change Component Designator: Old Designator=C14 New Designator=C39
Change Component Designator: Old Designator=C15 New Designator=C40
Change Component Designator: Old Designator=C16 New Designator=C42
Change Component Designator: Old Designator=C20 New Designator=C33
Change Component Designator: Old Designator=C21 New Designator=C37
Change Component Designator: Old Designator=C22 New Designator=C41
Change Component Designator: Old Designator=C23 New Designator=C38
Change Component Designator: Old Designator=C24 New Designator=C34
Change Component Designator: Old Designator=C25 New Designator=C43
Change Component Designator: Old Designator=C26 New Designator=C36
Change Component Designator: Old Designator=D1 New Designator=D12
Change Component Designator: Old Designator=D2 New Designator=D6
Change Component Designator: Old Designator=D3 New Designator=D7
Change Component Designator: Old Designator=D4 New Designator=D8
Change Component Designator: Old Designator=D5 New Designator=D9
Change Component Designator: Old Designator=D6 New Designator=D10
Change Component Designator: Old Designator=D7 New Designator=D11
Change Component Designator: Old Designator=D8 New Designator=D13
Change Component Designator: Old Designator=D9 New Designator=D14
Change Component Designator: Old Designator=Q1 New Designator=Q2
Change Component Designator: Old Designator=Q2 New Designator=Q3
Change Component Designator: Old Designator=Q3 New Designator=Q4
Change Component Designator: Old Designator=Q4 New Designator=Q5
Change Component Designator: Old Designator=Q5 New Designator=Q6
Change Component Designator: Old Designator=Q6 New Designator=Q7
Change Component Designator: Old Designator=R1 New Designator=R30
Change Component Designator: Old Designator=R2 New Designator=R34
Change Component Designator: Old Designator=R3 New Designator=R39
Change Component Designator: Old Designator=R4 New Designator=R40
Change Component Designator: Old Designator=R5 New Designator=R38
Change Component Designator: Old Designator=R6 New Designator=R41
Change Component Designator: Old Designator=R7 New Designator=R24
Change Component Designator: Old Designator=R8 New Designator=R25
Change Component Designator: Old Designator=R9 New Designator=R26
Change Component Designator: Old Designator=R10 New Designator=R27
Change Component Designator: Old Designator=R11 New Designator=R28
Change Component Designator: Old Designator=R12 New Designator=R29
Change Component Designator: Old Designator=R13 New Designator=R44
Change Component Designator: Old Designator=R14 New Designator=R31
Change Component Designator: Old Designator=R15 New Designator=R32
Change Component Designator: Old Designator=R16 New Designator=R33
Change Component Designator: Old Designator=R17 New Designator=R35
Change Component Designator: Old Designator=R18 New Designator=R36
Change Component Designator: Old Designator=R19 New Designator=R37
Change Component Designator: Old Designator=R20 New Designator=R51
Change Component Designator: Old Designator=R21 New Designator=R52
Change Component Designator: Old Designator=R22 New Designator=R42
Change Component Designator: Old Designator=R23 New Designator=R43
Change Component Designator: Old Designator=R24 New Designator=R61
Change Component Designator: Old Designator=R25 New Designator=R65
Change Component Designator: Old Designator=R26 New Designator=R67
Change Component Designator: Old Designator=R30 New Designator=R47
Change Component Designator: Old Designator=R31 New Designator=R48
Change Component Designator: Old Designator=R32 New Designator=R49
Change Component Designator: Old Designator=R33 New Designator=R58
Change Component Designator: Old Designator=R34 New Designator=R59
Change Component Designator: Old Designator=R35 New Designator=R60
Change Component Designator: Old Designator=R36 New Designator=R53
Change Component Designator: Old Designator=R37 New Designator=R55
Change Component Designator: Old Designator=R38 New Designator=R45
Change Component Designator: Old Designator=R39 New Designator=R56
Change Component Designator: Old Designator=R40 New Designator=R62
Change Component Designator: Old Designator=R41 New Designator=R63
Change Component Designator: Old Designator=R42 New Designator=R46
Change Component Designator: Old Designator=R43 New Designator=R64
Change Component Designator: Old Designator=R44 New Designator=R57
Change Component Designator: Old Designator=R45 New Designator=R50
Change Component Designator: Old Designator=R46 New Designator=R66
Change Component Designator: Old Designator=R47 New Designator=R54
Change Component Designator: Old Designator=U1 New Designator=U3
Change Component Designator: Old Designator=U2 New Designator=U5
Change Component Designator: Old Designator=U3 New Designator=U6
