Change Component Designator: Old Designator=? New Designator=1
Change Component Designator: Old Designator=C17 New Designator=C1
Change Component Designator: Old Designator=C18 New Designator=C2
Change Component Designator: Old Designator=C19 New Designator=C3
Change Component Designator: Old Designator=C27 New Designator=C4
Change Component Designator: Old Designator=C28 New Designator=C5
Change Component Designator: Old Designator=C29 New Designator=C6
Change Component Designator: Old Designator=C30 New Designator=C7
Change Component Designator: Old Designator=C31 New Designator=C9
Change Component Designator: Old Designator=C32 New Designator=C10
Change Component Designator: Old Designator=C33 New Designator=C19
Change Component Designator: Old Designator=C34 New Designator=C11
Change Component Designator: Old Designator=C35 New Designator=C20
Change Component Designator: Old Designator=C36 New Designator=C14
Change Component Designator: Old Designator=C37 New Designator=C15
Change Component Designator: Old Designator=C38 New Designator=C16
Change Component Designator: Old Designator=C? New Designator=C8
Change Component Designator: Old Designator=C? New Designator=C12
Change Component Designator: Old Designator=C? New Designator=C13
Change Component Designator: Old Designator=C? New Designator=C17
Change Component Designator: Old Designator=C? New Designator=C18
Change Component Designator: Old Designator=D10 New Designator=D2
Change Component Designator: Old Designator=D11 New Designator=D3
Change Component Designator: Old Designator=D12 New Designator=D4
Change Component Designator: Old Designator=D13 New Designator=D5
Change Component Designator: Old Designator=D14 New Designator=D1
Change Component Designator: Old Designator=Q7 New Designator=Q1
Change Component Designator: Old Designator=R27 New Designator=R1
Change Component Designator: Old Designator=R28 New Designator=R2
Change Component Designator: Old Designator=R29 New Designator=R3
Change Component Designator: Old Designator=R48 New Designator=R4
Change Component Designator: Old Designator=R49 New Designator=R5
Change Component Designator: Old Designator=R50 New Designator=R6
Change Component Designator: Old Designator=R51 New Designator=R7
Change Component Designator: Old Designator=R52 New Designator=R8
Change Component Designator: Old Designator=R53 New Designator=R9
Change Component Designator: Old Designator=R54 New Designator=R20
Change Component Designator: Old Designator=R55 New Designator=R21
Change Component Designator: Old Designator=R56 New Designator=R12
Change Component Designator: Old Designator=R57 New Designator=R13
Change Component Designator: Old Designator=R58 New Designator=R22
Change Component Designator: Old Designator=R59 New Designator=R16
Change Component Designator: Old Designator=R60 New Designator=R23
Change Component Designator: Old Designator=R? New Designator=R10
Change Component Designator: Old Designator=R? New Designator=R11
Change Component Designator: Old Designator=R? New Designator=R14
Change Component Designator: Old Designator=R? New Designator=R15
Change Component Designator: Old Designator=R? New Designator=R17
Change Component Designator: Old Designator=R? New Designator=R18
Change Component Designator: Old Designator=R? New Designator=R19
Change Component Designator: Old Designator=U5 New Designator=U1
Change Component Designator: Old Designator=U6 New Designator=U2
